Week1/android/build/intermediates/manifest_merge_blame_file/debug/processDebugMainManifest/manifest-merger-blame-debug-report.txt
1<?xml version="1.0" encoding="utf-8"?>
2<!--
3  AndroidManifest.xml
4  Path: android/src/main/AndroidManifest.xml
5
6  Declares permissions, the launcher Activity, and screen orientation.
7-->
8<manifest xmlns:android="http://schemas.android.com/apk/res/android"
9    package="com.parkinggame"
10    android:versionCode="1"
11    android:versionName="1.0" >
12
13    <uses-sdk
14        android:minSdkVersion="26"
15        android:targetSdkVersion="34" />
16
17    <!-- Keep CPU running while game is active (needed for wakelock) -->
18    <uses-permission android:name="android.permission.WAKE_LOCK" />
18-->src\main\AndroidManifest.xml:11:5-67
18-->src\main\AndroidManifest.xml:11:22-65
19
20    <uses-feature
20-->[com.badlogicgames.gdx:gdx-backend-android:1.12.1] AndroidManifest.xml:9:5-11:35
21        android:glEsVersion="0x00020000"
21-->[com.badlogicgames.gdx:gdx-backend-android:1.12.1] AndroidManifest.xml:10:9-41
22        android:required="true" />
22-->[com.badlogicgames.gdx:gdx-backend-android:1.12.1] AndroidManifest.xml:11:9-32
23
24    <application
24-->src\main\AndroidManifest.xml:13:5-33:19
25        android:allowBackup="false"
25-->src\main\AndroidManifest.xml:14:9-36
26        android:debuggable="true"
27        android:extractNativeLibs="false"
28        android:icon="@android:drawable/sym_def_app_icon"
28-->src\main\AndroidManifest.xml:16:9-58
29        android:label="@string/app_name"
29-->src\main\AndroidManifest.xml:17:9-41
30        android:testOnly="true"
31        android:theme="@android:style/Theme.NoTitleBar.Fullscreen" >
31-->src\main\AndroidManifest.xml:18:9-67
32        <activity
32-->src\main\AndroidManifest.xml:20:9-32:20
33            android:name="com.parkinggame.android.AndroidLauncher"
33-->src\main\AndroidManifest.xml:21:13-52
34            android:configChanges="keyboard|keyboardHidden|navigation|orientation|screenLayout|screenSize|smallestScreenSize"
34-->src\main\AndroidManifest.xml:24:13-126
35            android:exported="true"
35-->src\main\AndroidManifest.xml:25:13-36
36            android:label="@string/app_name"
36-->src\main\AndroidManifest.xml:22:13-45
37            android:screenOrientation="portrait" >
37-->src\main\AndroidManifest.xml:23:13-49
38
39            <!-- Makes this the launcher activity (home screen icon) -->
40            <intent-filter>
40-->src\main\AndroidManifest.xml:28:13-31:29
41                <action android:name="android.intent.action.MAIN" />
41-->src\main\AndroidManifest.xml:29:17-68
41-->src\main\AndroidManifest.xml:29:25-66
42
43                <category android:name="android.intent.category.LAUNCHER" />
43-->src\main\AndroidManifest.xml:30:17-76
43-->src\main\AndroidManifest.xml:30:27-74
44            </intent-filter>
45        </activity>
46    </application>
47
48</manifest>